  main.cpp
D:\MVS_project\SkillFactory\Dz30\main.cpp(54,15): warning C4244: 'argument': conversion from 'time_t' to 'unsigned int', possible loss of data
D:\MVS_project\SkillFactory\Dz30\main.cpp(87,10): error C2371: 'end': redefinition; different basic types
D:\MVS_project\SkillFactory\Dz30\main.cpp(61): message : see declaration of 'end'
D:\MVS_project\SkillFactory\Dz30\main.cpp(89,66): error C2088: '-': illegal for class
D:\MVS_project\SkillFactory\Dz30\main.cpp(89,34): error C2672: 'std::chrono::duration_cast': no matching overloaded function found

Project Performance Summary:
      813 ms  D:\MVS_project\SkillFactory\Dz30\Dz30.vcxproj   1 calls
                813 ms  Build                                      1 calls

Target Performance Summary:
        0 ms  BeforeBuildGenerateSources                 1 calls
        0 ms  ResolveReferences                          1 calls
        0 ms  ComputeReferenceCLInput                    1 calls
        0 ms  BuildGenerateSourcesTraverse               1 calls
        0 ms  SelectClCompile                            1 calls
        0 ms  PreBuildEvent                              1 calls
        0 ms  _SelectedFiles                             1 calls
        0 ms  SelectCustomBuild                          1 calls
        0 ms  BeforeClCompile                            1 calls
        0 ms  BuildCompileTraverse                       1 calls
        0 ms  CopyFileToFolders                          1 calls
        0 ms  _Xsd                                       1 calls
        0 ms  MakeDirsForMidl                            1 calls
        0 ms  ComputeMIDLGeneratedCompileInputs          1 calls
        0 ms  AfterMidl                                  1 calls
        0 ms  _Midl                                      1 calls
        0 ms  AfterBuildGenerateSources                  1 calls
        0 ms  AfterBuildGenerateSourcesEvent             1 calls
        0 ms  AfterResolveReferences                     1 calls
        0 ms  ResolveAssemblyReferences                  1 calls
        0 ms  ExpandSDKReferences                        1 calls
        0 ms  ResolveSDKReferences                       1 calls
        0 ms  _PrepareForBuild                           1 calls
        0 ms  _PrepareForReferenceResolution             1 calls
        0 ms  BeforeResolveReferences                    1 calls
        0 ms  GetReferencedVCProjectsInfo                1 calls
        0 ms  _SplitProjectReferencesByFileExistence     1 calls
        0 ms  _AddOutputPathToGlobalPropertiesToRemove   1 calls
        0 ms  FindReferenceAssembliesForReferences       1 calls
        0 ms  _BuildGenerateSourcesAction                1 calls
        0 ms  PrepareProjectReferences                   1 calls
        0 ms  GetFrameworkPaths                          1 calls
        0 ms  ComputeCLInputPDBName                      1 calls
        0 ms  AddExternalIncludDirectoriesToPaths        1 calls
        0 ms  GetResolvedWinMD                           1 calls
        0 ms  _CheckWindowsSDKInstalled                  1 calls
        0 ms  SetCABuildNativeEnvironmentVariables       1 calls
        0 ms  MakeDirsForCl                              1 calls
        0 ms  ResolveProjectReferences                   1 calls
        0 ms  BuildGenerateSources                       1 calls
        1 ms  SetTelemetryEnvironmentVariables           1 calls
        1 ms  SetBuildDefaultEnvironmentVariables        1 calls
        1 ms  FixupCLCompileOptions                      1 calls
        1 ms  _GetProjectReferenceTargetFrameworkProperties   1 calls
        1 ms  CustomBuild                                1 calls
        1 ms  ComputeCustomBuildOutput                   1 calls
        1 ms  GetReferenceAssemblyPaths                  1 calls
        1 ms  AssignProjectConfiguration                 1 calls
        1 ms  WarnCompileDuplicatedFilename              1 calls
        1 ms  _CheckForInvalidConfigurationAndPlatform   1 calls
        2 ms  InitializeBuildStatus                      1 calls
        4 ms  PrepareForBuild                            1 calls
      795 ms  ClCompile                                  1 calls

Task Performance Summary:
        0 ms  Message                                    2 calls
        0 ms  MSBuild                                    1 calls
        0 ms  MakeDir                                    5 calls
        0 ms  CheckVCToolsetVersion                      1 calls
        0 ms  WriteLinesToFile                           1 calls
        0 ms  Delete                                     1 calls
        1 ms  Touch                                      1 calls
        1 ms  GetOutOfDateItems                          3 calls
        1 ms  AssignProjectConfiguration                 1 calls
        1 ms  ReadLinesFromFile                          1 calls
        2 ms  SetEnv                                     9 calls
      794 ms  CL                                         1 calls
